{
  "stats": {
    "suites": 1,
    "tests": 2,
    "passes": 2,
    "pending": 0,
    "failures": 0,
    "start": "2022-08-20T02:54:01.572Z",
    "end": "2022-08-20T02:54:04.000Z",
    "duration": 2428,
    "testsRegistered": 2,
    "passPercent": 100,
    "pendingPercent": 0,
    "other": 0,
    "hasOther": false,
    "skipped": 0,
    "hasSkipped": false
  },
  "results": [
    {
      "uuid": "05129b76-968e-4c7d-9bad-5834fa7ab2ac",
      "title": "",
      "fullFile": "cypress/integration/listagem.spec.js",
      "file": "cypress/integration/listagem.spec.js",
      "beforeHooks": [],
      "afterHooks": [],
      "tests": [],
      "suites": [
        {
          "uuid": "a6a3e803-487a-49e4-921c-b39f152ae864",
          "title": "Listagem",
          "fullFile": "",
          "file": "",
          "beforeHooks": [],
          "afterHooks": [],
          "tests": [
            {
              "title": "Quando não houver cadastros, então a listagem deve estar vazia",
              "fullTitle": "Listagem Quando não houver cadastros, então a listagem deve estar vazia",
              "timedOut": null,
              "duration": 712,
              "state": "passed",
              "speed": "fast",
              "pass": true,
              "fail": false,
              "pending": false,
              "context": null,
              "code": "cy.fixture('listagem-vazia').then(data => {\n  window.localStorage.setItem('data', JSON.stringify(data));\n});\ncy.visit(\"https://form-agilizei.netlify.app/listagem.html\"); // Assercao para confirmar a listagem\ncy.get('table tbody tr').should('have.length', 0);",
              "err": {},
              "uuid": "e925a827-2c70-4c17-a094-24b3db440236",
              "parentUUID": "a6a3e803-487a-49e4-921c-b39f152ae864",
              "isHook": false,
              "skipped": false
            },
            {
              "title": "Quando houver um ou mais cadastros, então a listagem deve ser exibida",
              "fullTitle": "Listagem Quando houver um ou mais cadastros, então a listagem deve ser exibida",
              "timedOut": null,
              "duration": 297,
              "state": "passed",
              "speed": "fast",
              "pass": true,
              "fail": false,
              "pending": false,
              "context": null,
              "code": "cy.fixture('listagem-com-itens').then(data => {\n  window.localStorage.setItem('data', JSON.stringify(data));\n});\ncy.visit(\"https://form-agilizei.netlify.app/listagem.html\"); // Assercao para confirmar a listagem\ncy.get('table tbody tr').should('have.length', 2);",
              "err": {},
              "uuid": "fb5081dd-3c86-4ce1-98dc-03d05315e223",
              "parentUUID": "a6a3e803-487a-49e4-921c-b39f152ae864",
              "isHook": false,
              "skipped": false
            }
          ],
          "suites": [],
          "passes": [
            "e925a827-2c70-4c17-a094-24b3db440236",
            "fb5081dd-3c86-4ce1-98dc-03d05315e223"
          ],
          "failures": [],
          "pending": [],
          "skipped": [],
          "duration": 1009,
          "root": false,
          "rootEmpty": false,
          "_timeout": 2000
        }
      ],
      "passes": [],
      "failures": [],
      "pending": [],
      "skipped": [],
      "duration": 0,
      "root": true,
      "rootEmpty": true,
      "_timeout": 2000
    }
  ],
  "meta": {
    "mocha": {
      "version": "7.0.1"
    },
    "mochawesome": {
      "options": {
        "quiet": true,
        "reportFilename": "mochawesome",
        "saveHtml": false,
        "saveJson": true,
        "consoleReporter": "spec",
        "useInlineDiffs": false,
        "code": true
      },
      "version": "7.1.3"
    },
    "marge": {
      "options": {
        "id": "default",
        "reportDir": "mochawesome-report",
        "quiet": true,
        "overwrite": false,
        "html": false,
        "json": true
      },
      "version": "6.2.0"
    }
  }
}